<?xml version="1.0" encoding="UTF-8"?>
<!-- Generated by org.testng.reporters.JUnitReportReporter -->
<testsuite skipped="1" hostname="TECH-LP-372" name="com.techaspect.framework.testcases.HomePageTest" tests="5" failures="0" timestamp="28 Aug 2018 06:40:19 GMT" time="112.241" errors="0">
  <testcase name="testSocialShareLinks" time="52.684" classname="com.techaspect.framework.testcases.HomePageTest"/>
  <testcase name="testSocialShareLinks" time="15.956" classname="com.techaspect.framework.testcases.HomePageTest"/>
  <testcase name="testSocialShareLinks" time="7.702" classname="com.techaspect.framework.testcases.HomePageTest">
    <skipped/>
  </testcase> <!-- testSocialShareLinks -->
  <testcase name="testSocialShareLinks" time="11.172" classname="com.techaspect.framework.testcases.HomePageTest"/>
  <testcase name="testLogo" time="24.727" classname="com.techaspect.framework.testcases.HomePageTest"/>
</testsuite> <!-- com.techaspect.framework.testcases.HomePageTest -->
