<?xml version="1.0" encoding="UTF-8"?>
<!-- Generated by org.testng.reporters.JUnitReportReporter -->
<testsuite skipped="1" hostname="TECH-LP-372" name="com.techaspect.framework.testcases.HomePageTest" tests="5" failures="0" timestamp="26 Aug 2018 12:42:19 GMT" time="226.090" errors="0">
  <testcase name="testSocialShareLinks" time="43.442" classname="com.techaspect.framework.testcases.HomePageTest"/>
  <testcase name="testSocialShareLinks" time="33.677" classname="com.techaspect.framework.testcases.HomePageTest"/>
  <testcase name="testSocialShareLinks" time="5.542" classname="com.techaspect.framework.testcases.HomePageTest">
    <skipped/>
  </testcase> <!-- testSocialShareLinks -->
  <testcase name="testSocialShareLinks" time="68.443" classname="com.techaspect.framework.testcases.HomePageTest"/>
  <testcase name="testLogo" time="74.986" classname="com.techaspect.framework.testcases.HomePageTest"/>
</testsuite> <!-- com.techaspect.framework.testcases.HomePageTest -->
