<?xml version="1.0" encoding="UTF-8"?>
<!-- Generated by org.testng.reporters.JUnitReportReporter -->
<testsuite skipped="4" hostname="TECH-LP-372" name="com.techaspect.framework.testcases.HomePageTest" tests="5" failures="0" timestamp="24 Aug 2018 13:29:06 GMT" time="28.243" errors="0">
  <testcase name="testLogo" time="9.407" classname="com.techaspect.framework.testcases.HomePageTest"/>
  <testcase name="testSocialShareLinks" time="4.317" classname="com.techaspect.framework.testcases.HomePageTest">
    <skipped/>
  </testcase> <!-- testSocialShareLinks -->
  <testcase name="testSocialShareLinks" time="5.310" classname="com.techaspect.framework.testcases.HomePageTest">
    <skipped/>
  </testcase> <!-- testSocialShareLinks -->
  <testcase name="testSocialShareLinks" time="4.065" classname="com.techaspect.framework.testcases.HomePageTest">
    <skipped/>
  </testcase> <!-- testSocialShareLinks -->
  <testcase name="testSocialShareLinks" time="5.144" classname="com.techaspect.framework.testcases.HomePageTest">
    <skipped/>
  </testcase> <!-- testSocialShareLinks -->
</testsuite> <!-- com.techaspect.framework.testcases.HomePageTest -->
